<?xml version="1.0" encoding="UTF-8"?>
<coverage generated="1685530333393" clover="3.2.0">
  <project timestamp="1685530333393" name="All files">
    <metrics statements="13" coveredstatements="13" conditionals="0" coveredconditionals="0" methods="7" coveredmethods="7" elements="20" coveredelements="20" complexity="0" loc="13" ncloc="13" packages="1" files="2" classes="2"/>
    <file name="notesModel.js" path="/Users/matthammond/notes-app/notesModel.js">
      <metrics statements="5" coveredstatements="5" conditionals="0" coveredconditionals="0" methods="4" coveredmethods="4"/>
      <line num="4" count="4" type="stmt"/>
      <line num="8" count="4" type="stmt"/>
      <line num="12" count="11" type="stmt"/>
      <line num="16" count="1" type="stmt"/>
      <line num="20" count="2" type="stmt"/>
    </file>
    <file name="notesView.js" path="/Users/matthammond/notes-app/notesView.js">
      <metrics statements="8" coveredstatements="8" conditionals="0" coveredconditionals="0" methods="3" coveredmethods="3"/>
      <line num="4" count="1" type="stmt"/>
      <line num="5" count="1" type="stmt"/>
      <line num="9" count="1" type="stmt"/>
      <line num="10" count="3" type="stmt"/>
      <line num="11" count="3" type="stmt"/>
      <line num="12" count="3" type="stmt"/>
      <line num="13" count="3" type="stmt"/>
      <line num="18" count="1" type="stmt"/>
    </file>
  </project>
</coverage>
